2024-07-19 20:12:56,852 - root - INFO - Starting simulation
2024-07-19 20:16:10,773 - root - INFO - Starting simulation
2024-07-19 20:16:19,404 - root - INFO - Actions: [-0.449075846130943, 0.006519293937455872, 0.959468004292237], Reward: 999.1565943589234
2024-07-19 20:16:19,405 - root - INFO - Actions: [0.35444748673516235, -0.3040883768095899, 0.10594367223544432], Reward: 999.0312145182537
2024-07-19 20:16:19,405 - root - INFO - Actions: [0.4333217965378784, 0.46713921204006836, 0.9614333151480607], Reward: 999.0704570146717
2024-07-19 20:16:19,405 - root - INFO - Actions: [0.8667869242167887, 0.08356993156758885, -0.38987388460056116], Reward: 998.8138184352927
2024-07-19 20:16:19,405 - root - INFO - Actions: [0.764495911804215, -0.605336403041935, -0.9688376982340337], Reward: 998.1378272408284
2024-07-19 20:16:19,405 - root - INFO - Actions: [-0.4279915224151354, 0.5543393381236055, -0.11642282938019854], Reward: 997.5510093054905
2024-07-19 20:16:19,405 - root - INFO - Actions: [0.8642612701950998, -0.5984306766137455, 0.8139592836955647], Reward: 996.7571251048766
2024-07-19 20:16:19,405 - root - INFO - Actions: [-0.9760621574346922, -0.0692691537868102, -0.9987167827710925], Reward: 996.3565815204091
2024-07-19 20:16:19,405 - root - INFO - Actions: [0.9570168305575004, -0.11338660485472829, -0.42707484262517026], Reward: 995.2088957490768
2024-07-19 20:16:19,405 - root - INFO - Actions: [0.8363016293844119, 0.9489463134736065, -0.5657715469017928], Reward: 995.1739016611128
2024-07-19 20:16:19,405 - root - INFO - Actions: [-0.47457882916835303, 0.9178536538484512, 0.829698806617625], Reward: 994.8111951872771
2024-07-19 20:16:19,405 - root - INFO - Actions: [-0.5520444242204277, -0.42233059787528715, -0.2673498449256768], Reward: 994.3632590481457
2024-07-19 20:16:19,405 - root - INFO - Actions: [-0.4980736305285789, 0.8148885816636946, 0.7600236542109584], Reward: 993.3943807751161
2024-07-19 20:16:19,405 - root - INFO - Actions: [-0.8022405386122506, -0.5149865952294355, 0.8494318963074929], Reward: 993.7279597940731
2024-07-19 20:16:19,406 - root - INFO - Actions: [-0.8898908216645764, -0.11725518092180143, 0.26045520922871357], Reward: 993.9236154189596
2024-07-19 20:16:19,406 - root - INFO - Actions: [0.8580413922870307, 0.9246429199022581, -0.2077003328633853], Reward: 993.5763077433793
2024-07-19 20:16:19,406 - root - INFO - Actions: [-0.13542711727605594, -0.8148608383139149, -0.3147508029374104], Reward: 993.262759063254
2024-07-19 20:16:19,406 - root - INFO - Actions: [0.9289649829072351, -0.9742692823246111, -0.8542183686355682], Reward: 992.6774336017774
2024-07-19 20:16:19,406 - root - INFO - Actions: [-0.5341551698197515, -0.35524173116088087, -0.27370904550962916], Reward: 992.6742214899205
2024-07-19 20:16:19,406 - root - INFO - Actions: [0.248005690572624, 0.9721004665648658, 0.9498595237472911], Reward: 991.8439450116066
2024-07-19 20:16:19,406 - root - INFO - Actions: [0.9912918620262161, -0.6738296520964582, -0.7173826304018065], Reward: 991.682908821855
2024-07-19 20:16:19,406 - root - INFO - Actions: [0.981651392607231, -0.44197227624574875, -0.5139779930095918], Reward: 991.5197801031455
2024-07-19 20:16:19,406 - root - INFO - Actions: [0.8821438599503668, 0.0040269551122755765, 0.06177381143834326], Reward: 991.5137645708402
2024-07-19 20:16:19,406 - root - INFO - Actions: [-0.8213645726904819, 0.1026938743806789, -0.6005167764852664], Reward: 990.9458351557128
2024-07-19 20:16:19,406 - root - INFO - Actions: [-0.1666336933976218, 0.3065888855293877, -0.538229773435283], Reward: 990.7716439906874
2024-07-19 20:16:19,406 - root - INFO - Actions: [-0.6718761254984089, 0.7294119143439208, 0.2352257870445238], Reward: 990.2775539954314
2024-07-19 20:16:19,406 - root - INFO - Actions: [0.49493709144216025, 0.9745634734279722, 0.4411176292253216], Reward: 990.1287298881866
2024-07-19 20:16:19,406 - root - INFO - Actions: [0.6605106114455068, -0.296722387039013, -0.608325026778461], Reward: 990.0908154177733
2024-07-19 20:16:19,406 - root - INFO - Actions: [0.017622431449701326, -0.0017291142714934704, 0.3759467247575501], Reward: 989.9928024076578
2024-07-19 20:16:19,406 - root - INFO - Actions: [0.5248012999503331, 0.6418316571548743, 0.6953434167987853], Reward: 989.7692798711582
2024-07-19 20:16:19,407 - root - INFO - Actions: [0.24652402352728653, -0.7661999615475883, -0.6001074511235838], Reward: 989.3826484616717
2024-07-19 20:16:19,407 - root - INFO - Actions: [0.8659923183964962, -0.5375234532040012, -0.029450795988793077], Reward: 988.9066075398633
2024-07-19 20:16:19,407 - root - INFO - Actions: [-0.9935301490063706, -0.5725765552309241, 0.36934295536685924], Reward: 988.4074552102395
2024-07-19 20:16:19,407 - root - INFO - Actions: [0.4058096068537951, 0.16804947160621908, -0.07955426061511628], Reward: 988.0552340571646
2024-07-19 20:16:19,407 - root - INFO - Actions: [0.594936130728835, 0.35444311830356434, -0.37227129068581566], Reward: 987.8105619830689
2024-07-19 20:16:19,407 - root - INFO - Actions: [-0.1563716322909483, -0.04907332151484889, -0.313245211158206], Reward: 987.7033275401055
2024-07-19 20:16:19,407 - root - INFO - Actions: [0.17476310654778549, -0.9796038238821003, -0.1065582957894875], Reward: 987.4724358239448
2024-07-19 20:16:19,407 - root - INFO - Actions: [0.7164918423817481, -0.646263316481114, 0.6671369396116431], Reward: 986.413996239367
2024-07-19 20:16:19,407 - root - INFO - Actions: [0.9424895072173625, 0.4457400035995467, -0.47881122997629655], Reward: 986.4179524978808
2024-07-19 20:16:19,407 - root - INFO - Actions: [0.13830440924292264, -0.07705087610352734, 0.10955873945499461], Reward: 986.5142787401635
2024-07-19 20:16:19,407 - root - INFO - Actions: [-0.6327541214024046, -0.07266529702648672, 0.3043286712749813], Reward: 986.1038026683835
2024-07-19 20:16:19,407 - root - INFO - Actions: [-0.7344466392638904, -0.3691923412329712, -0.12555345607548163], Reward: 985.9687740274201
2024-07-19 20:16:19,407 - root - INFO - Actions: [0.7570709853565516, 0.323590940971864, 0.25904943376710077], Reward: 985.1026961542723
2024-07-19 20:16:19,407 - root - INFO - Actions: [-0.45006701352387735, -0.05643559920558672, -0.8697827706604748], Reward: 984.4156871812415
2024-07-19 20:16:19,407 - root - INFO - Actions: [0.17279782694413814, 0.21417270300367708, -0.10670498661524097], Reward: 983.9198388850792
2024-07-19 20:16:19,407 - root - INFO - Actions: [-0.4442555457406727, -0.2611201076346077, -0.8014991273992274], Reward: 983.7026124773159
2024-07-19 20:16:19,407 - root - INFO - Actions: [-0.17242239583900032, -0.5744117741394608, -0.03909187336227493], Reward: 983.6817973708605
2024-07-19 20:16:19,408 - root - INFO - Actions: [0.23063476141142747, 0.12795584879261201, 0.43970232400731213], Reward: 983.2947218858814
2024-07-19 20:16:19,408 - root - INFO - Actions: [0.7345389211120255, 0.49516731118456625, -0.9712828588261551], Reward: 982.7297547080356
2024-07-19 20:16:19,408 - root - INFO - Actions: [0.3281095215505778, 0.6289678794739701, -0.3871051827054939], Reward: 981.7849389723978
2024-07-19 20:16:19,408 - root - INFO - Actions: [-0.5174988202046309, 0.023733141551137038, 0.09407822167677571], Reward: 982.1341930974812
2024-07-19 20:16:19,408 - root - INFO - Actions: [-0.5480612753760956, -0.9131799135976231, -0.6776512939279531], Reward: 981.5735517334015
2024-07-19 20:16:19,408 - root - INFO - Actions: [-0.9677076919669603, 0.0399963167954962, -0.33190351526934503], Reward: 981.4104323994595
2024-07-19 20:16:19,408 - root - INFO - Actions: [-0.49144199606651906, 0.06735544021730355, -0.7181574206970052], Reward: 981.2834973394226
2024-07-19 20:16:19,408 - root - INFO - Actions: [-0.3276679663437867, 0.6213810249412122, 0.3989933699269437], Reward: 980.6918136267357
2024-07-19 20:16:19,408 - root - INFO - Actions: [0.4089817338668935, -0.03012511900649506, -0.4674270645167986], Reward: 981.3958359407193
2024-07-19 20:16:19,408 - root - INFO - Actions: [-0.8524545570434403, 0.12634236985970682, -0.7005440226886301], Reward: 981.7167811706331
2024-07-19 20:16:19,408 - root - INFO - Actions: [-0.5762702561411166, 0.2327207584969606, 0.8812273068574046], Reward: 981.4829479362811
2024-07-19 20:16:19,408 - root - INFO - Actions: [-0.45749783238835207, 0.7573195497690122, 0.33715508003590533], Reward: 981.5936103534807
2024-07-19 20:16:19,408 - root - INFO - Actions: [-0.6886623051381655, -0.10397509806868643, -0.7020215415903233], Reward: 981.5548132773783
2024-07-19 20:16:19,408 - root - INFO - Actions: [-0.8401797675268505, -0.11774646102776254, 0.3653297685527579], Reward: 981.4261228666339
2024-07-19 20:16:19,408 - root - INFO - Actions: [0.2047192599364578, 0.21107842639225893, -0.9603893816518125], Reward: 981.2185252386242
2024-07-19 20:16:19,408 - root - INFO - Actions: [-0.8234720054696887, 0.6495323280910159, -0.9549213738329212], Reward: 980.4964136876121
2024-07-19 20:16:19,408 - root - INFO - Actions: [0.8601617057777666, 0.7963687754396014, -0.24633259595954704], Reward: 981.6482058799014
2024-07-19 20:16:19,408 - root - INFO - Actions: [0.5486349075957562, -0.7121144881969008, -0.12521543307022287], Reward: 981.0320436849765
2024-07-19 20:16:19,409 - root - INFO - Actions: [0.6206741400545257, -0.7832977168096713, 0.9584219646925536], Reward: 980.5507848908458
2024-07-19 20:16:19,409 - root - INFO - Actions: [-0.9406131864581402, -0.22455403294927967, 0.17918974103055607], Reward: 980.1901667372383
2024-07-19 20:16:19,409 - root - INFO - Actions: [-0.9367300175430258, 0.5199771616134672, 0.9558590999265173], Reward: 980.0465928594166
2024-07-19 20:16:19,409 - root - INFO - Actions: [-0.3744889708419763, -0.09459863313909289, -0.5004986953989163], Reward: 979.7731904617133
2024-07-19 20:16:19,409 - root - INFO - Actions: [0.7115976170557465, -0.7155350840279548, -0.8714534200724251], Reward: 979.2795213428186
2024-07-19 20:16:19,409 - root - INFO - Actions: [-0.15933877772489646, -0.9048608904755477, -0.6455936938745332], Reward: 979.1895617069176
2024-07-19 20:16:19,409 - root - INFO - Actions: [0.9048899189901805, -0.4277047566911185, -0.25184345653712303], Reward: 978.7037060495811
2024-07-19 20:16:19,409 - root - INFO - Actions: [0.9317770902364362, 0.2953337145940058, -0.9963646260009578], Reward: 979.0426987980778
2024-07-19 20:16:19,409 - root - INFO - Actions: [-0.7656349295630149, -0.9742326143725786, 0.6900769138205973], Reward: 978.5596398595458
2024-07-19 20:16:19,409 - root - INFO - Actions: [-0.059464922940353215, 0.5765205949717023, 0.9311043849577589], Reward: 978.0446311753153
2024-07-19 20:16:19,409 - root - INFO - Actions: [-0.34948771192985784, -0.7220203475741396, -0.04825770396255846], Reward: 977.811500741517
2024-07-19 20:16:19,409 - root - INFO - Actions: [-0.3002572851625216, 0.791584479809907, -0.5045948229856703], Reward: 977.3380179765054
2024-07-19 20:16:19,409 - root - INFO - Actions: [-0.5462021670295538, 0.7538619881520054, -0.7164063084500603], Reward: 977.0908234007875
2024-07-19 20:16:19,409 - root - INFO - Actions: [0.8574777613531595, 0.34976709242499227, -0.6394034950247056], Reward: 977.6163559334445
2024-07-19 20:16:19,409 - root - INFO - Actions: [-0.35233843156142797, 0.3768955044791418, 0.8296334317642524], Reward: 977.7684914155498
2024-07-19 20:16:19,409 - root - INFO - Actions: [-0.31993520671024456, 0.49491994461012756, 0.9941370743581157], Reward: 977.6910082756676
2024-07-19 20:16:19,409 - root - INFO - Actions: [-0.7844489515281363, -0.8048596077016692, -0.578893424310156], Reward: 977.152121774342
2024-07-19 20:16:19,409 - root - INFO - Actions: [0.7011563142395087, -0.11778389765662611, 0.18629316457393164], Reward: 976.675268409291
2024-07-19 20:16:19,410 - root - INFO - Actions: [-0.46403001189124793, -0.9106546001246403, -0.7182777075067657], Reward: 976.3440307975412
2024-07-19 20:16:19,410 - root - INFO - Actions: [-0.32014620013527284, 0.9264256984467925, -0.10705314933320542], Reward: 975.7315505881072
2024-07-19 20:16:19,410 - root - INFO - Actions: [0.6261917563425823, 0.9115011405351536, 0.29951995937017184], Reward: 975.1436358478502
2024-07-19 20:16:19,410 - root - INFO - Actions: [0.545194872575173, 0.4900951989189801, 0.9764142687346682], Reward: 975.2576501753969
2024-07-19 20:16:19,410 - root - INFO - Actions: [0.07807855704724376, -0.5204182912092477, 0.10964093893270643], Reward: 975.4111076186157
2024-07-19 20:16:19,410 - root - INFO - Actions: [-0.6292967802847182, 0.6743609805731363, 0.16103114187685952], Reward: 975.0814257156853
2024-07-19 20:16:19,410 - root - INFO - Actions: [-0.0012402245897837894, -0.6352709943108283, -0.036752331668554294], Reward: 974.7445691183482
2024-07-19 20:16:19,410 - root - INFO - Actions: [-0.5248748692162186, 0.7787995525355962, -0.8860391008836677], Reward: 974.2802522090881
2024-07-19 20:16:19,410 - root - INFO - Actions: [-0.5114364947444776, 0.9077251202892764, 0.7990650559514558], Reward: 974.3009226407643
2024-07-19 20:16:19,410 - root - INFO - Actions: [0.2808180754433003, -0.5472357100658982, 0.41685730534333554], Reward: 973.8463197486828
2024-07-19 20:16:19,410 - root - INFO - Actions: [0.3894217151937496, -0.269168952566204, 0.47181294433881726], Reward: 974.0420815475627
2024-07-19 20:16:19,410 - root - INFO - Actions: [-0.29777115894042216, -0.9873486963899047, -0.6136004342366246], Reward: 973.6874603488671
2024-07-19 20:16:19,410 - root - INFO - Actions: [-0.4730348571227918, 0.4004302170827483, 0.11840287053527132], Reward: 973.247502589942
2024-07-19 20:16:19,410 - root - INFO - Actions: [0.6445816445722978, -0.7536339187487169, 0.2007445504701908], Reward: 972.7358079007148
2024-07-19 20:16:19,410 - root - INFO - Actions: [-0.6111815189114802, 0.9714389243926771, -0.43941353126085936], Reward: 972.3045059900476
2024-07-19 20:16:19,410 - root - INFO - Actions: [0.5706861672664094, 0.5285381591977556, 0.9877949175076268], Reward: 972.227079826059
2024-07-19 20:16:19,410 - root - INFO - Actions: [-0.9818048397270334, 0.2879269097486703, 0.9946896231248128], Reward: 972.0571048330992
2024-07-19 20:16:19,410 - root - INFO - Actions: [-0.5277745736569084, 0.19456618038133922, 0.3823198253629716], Reward: 971.5819584434462
2024-07-19 20:16:19,411 - root - INFO - Actions: [0.41261846298926397, -0.3520331781248973, 0.6910941483089845], Reward: 971.3534354984625
2024-07-19 20:16:19,411 - root - INFO - Actions: [0.44049588263279116, 0.9857081806562276, 0.07958348501564672], Reward: 971.3003692953682
2024-07-19 20:16:19,411 - root - INFO - Actions: [-0.9703894320984856, 0.23504535636478674, -0.37297361338983537], Reward: 971.267096208998
2024-07-19 20:16:19,411 - root - INFO - Actions: [0.57228493317497, 0.9990977248468691, -0.12814651123934673], Reward: 971.212921594052
2024-07-19 20:16:19,411 - root - INFO - Actions: [0.9608472237045882, -0.7002158106767493, -0.8318827415838812], Reward: 970.7345683356989
2024-07-19 20:16:19,411 - root - INFO - Actions: [-0.10401581697620532, -0.6786365692502738, -0.8131337331992718], Reward: 970.6475450661337
2024-07-19 20:16:19,411 - root - INFO - Actions: [-0.8237820708404768, 0.9272808894907096, 0.9784561899356834], Reward: 969.9870234392483
2024-07-19 20:16:19,411 - root - INFO - Actions: [-0.4763861757930383, -0.02214563062452113, -0.08392857061623227], Reward: 970.1111748625269
2024-07-19 20:16:19,411 - root - INFO - Actions: [0.3687788237111169, -0.1936227603635421, -0.4745934623073087], Reward: 970.0147170361884
2024-07-19 20:16:19,411 - root - INFO - Actions: [-0.7708683055669281, -0.7269291838302832, -0.2454264092193914], Reward: 969.746133955121
2024-07-19 20:16:19,411 - root - INFO - Actions: [-0.3091647074538897, -0.1219396243353863, 0.30096079664394204], Reward: 969.565105412576
2024-07-19 20:16:19,411 - root - INFO - Actions: [0.22722934834114517, 0.8858174403013623, 0.9297692480599606], Reward: 968.4772188783828
2024-07-19 20:16:19,411 - root - INFO - Actions: [0.4624372667327705, -0.2890042106850237, -0.8927466392459529], Reward: 968.2245265111475
2024-07-19 20:16:19,411 - root - INFO - Actions: [-0.49379583537916916, 0.8485414955029329, 0.9794631903153486], Reward: 967.6253629164355
2024-07-19 20:16:19,411 - root - INFO - Actions: [0.7440104021290617, 0.3681104735788052, -0.6159425008724859], Reward: 967.540912470503
2024-07-19 20:16:19,411 - root - INFO - Actions: [-0.6555743447043343, -0.26074591283737836, -0.0778776206187628], Reward: 967.3511199290231
2024-07-19 20:16:19,411 - root - INFO - Actions: [0.432768649388273, -0.9924322793713993, -0.3346087716012722], Reward: 966.8996462039845
2024-07-19 20:16:19,411 - root - INFO - Actions: [-0.1510297028286114, -0.5801503423409924, -0.15423996102649618], Reward: 966.8492872443725
2024-07-19 20:16:19,412 - root - INFO - Actions: [0.8726100078912025, 0.5614882125275586, -0.5730251162282578], Reward: 966.15110692724
2024-07-19 20:16:19,412 - root - INFO - Actions: [-0.5740151583259019, -0.4233971971061401, 0.06292536634265655], Reward: 965.7052379152076
2024-07-19 20:16:19,412 - root - INFO - Actions: [-0.5440038022147395, 0.24011639846050503, -0.9504172285714285], Reward: 965.5072437712882
2024-07-19 20:16:19,412 - root - INFO - Actions: [0.9311141245362826, 0.42025249942935927, 0.6299564086557656], Reward: 964.752382982241
2024-07-19 20:16:19,412 - root - INFO - Actions: [-0.5311337838593042, -0.519572963885226, 0.01619798675988937], Reward: 964.3292935216359
2024-07-19 20:16:19,412 - root - INFO - Actions: [-0.5462028587778514, 0.07847843932515564, -0.9940496894033806], Reward: 964.0984586403812
2024-07-19 20:16:19,412 - root - INFO - Actions: [0.8029710589235759, 0.9414740320519142, -0.9060287560265587], Reward: 963.5903983668805
2024-07-19 20:16:19,412 - root - INFO - Actions: [0.3928332862443573, -0.0295514231770011, -0.5863357339396449], Reward: 963.6086788243595
2024-07-19 20:16:19,412 - root - INFO - Actions: [-0.34701361737878056, -0.8568351578747853, 0.7163853348207732], Reward: 963.1398271225768
2024-07-19 20:16:19,412 - root - INFO - Actions: [-0.20852550752572974, 0.1594585970243072, 0.16003565492750305], Reward: 962.7664895174539
2024-07-19 20:16:19,412 - root - INFO - Actions: [-0.31338559227044493, 0.6003689568864521, 0.10040575997317847], Reward: 962.4349985186658
2024-07-19 20:16:19,412 - root - INFO - Actions: [0.9791866825588422, 0.8644312200317095, 0.08986278449062901], Reward: 962.506730407787
2024-07-19 20:16:19,412 - root - INFO - Actions: [0.3420517459407484, 0.4521343944213807, 0.21341274262757826], Reward: 962.3484268448057
2024-07-19 20:16:19,412 - root - INFO - Actions: [0.8213308845011147, 0.543719241861851, 0.9081372983448242], Reward: 962.574185591389
2024-07-19 20:16:19,412 - root - INFO - Actions: [0.07983975897007323, 0.33634131699385583, 0.8416818790550706], Reward: 962.5081615474517
2024-07-19 20:16:19,412 - root - INFO - Actions: [-0.2014722002452627, -0.7406811852111479, 0.6597545743270632], Reward: 962.2371744492611
2024-07-19 20:16:19,412 - root - INFO - Actions: [-0.4123908666979297, -0.41241659760350946, 0.30064806743610006], Reward: 962.0590675836331
2024-07-19 20:16:19,412 - root - INFO - Actions: [0.47957699658743835, -0.1682876770309134, -0.8282294171632216], Reward: 961.7302418651155
2024-07-19 20:16:19,412 - root - INFO - Actions: [-0.7297253965242807, 0.7509374694279607, 0.5904081556321925], Reward: 961.5137558201499
2024-07-19 20:16:19,413 - root - INFO - Actions: [-0.08224681298724845, 0.7573072924181561, -0.30272617523355017], Reward: 961.5275906916468
2024-07-19 20:16:19,413 - root - INFO - Actions: [-0.9270696581627511, 0.1387881940734701, -0.5159607835475244], Reward: 961.5926454423195
2024-07-19 20:16:19,413 - root - INFO - Actions: [-0.5628960946083152, 0.25846189038615774, -0.9601060544536943], Reward: 961.4135225234593
2024-07-19 20:16:19,413 - root - INFO - Actions: [-0.9489167215140413, -0.04253613117286159, 0.9943984525017076], Reward: 961.1475788130415
2024-07-19 20:16:19,413 - root - INFO - Actions: [0.41893083066462755, -0.6638431103237887, 0.5286133509567805], Reward: 961.004889882518
2024-07-19 20:16:19,413 - root - INFO - Actions: [0.8337627042038898, 0.48667374625350646, -0.7385348484466381], Reward: 960.962887036176
2024-07-19 20:16:19,413 - root - INFO - Actions: [0.6662434351722213, 0.8699067406296284, -0.4405916437615045], Reward: 961.1914830628106
2024-07-19 20:16:19,413 - root - INFO - Actions: [-0.31846639201764515, 0.4734973519814656, -0.01580567783125919], Reward: 961.3900763246522
2024-07-19 20:16:19,413 - root - INFO - Actions: [0.8852719503311903, -0.8471522948706802, -0.5854931977972568], Reward: 960.9726121219657
2024-07-19 20:16:19,413 - root - INFO - Actions: [-0.7131110358979313, 0.8532530371090283, -0.5945474733371416], Reward: 960.4485683776412
2024-07-19 20:16:19,413 - root - INFO - Actions: [-0.5762787616915872, 0.046718493682625706, -0.031909316969280566], Reward: 960.5231895711981
2024-07-19 20:16:19,413 - root - INFO - Actions: [0.3280429306972241, 0.5674483452239942, -0.5758633843868224], Reward: 960.2686036651816
2024-07-19 20:16:19,413 - root - INFO - Actions: [-0.4502968622148451, -0.01390707841194394, 0.6792599131169952], Reward: 960.6044718893367
2024-07-19 20:16:19,413 - root - INFO - Actions: [0.3252924265131769, -0.08837228732278501, -0.7988497107501613], Reward: 960.4164359270848
2024-07-19 20:16:19,413 - root - INFO - Actions: [0.31035022195522477, 0.7758284362524344, -0.3973278101736728], Reward: 960.4031002511049
2024-07-19 20:16:19,413 - root - INFO - Actions: [0.9026012318788701, 0.3309022475707857, 0.6366376228994317], Reward: 960.4148075437627
2024-07-19 20:16:19,413 - root - INFO - Actions: [0.40491060875453866, 0.06440478008546391, -0.09248909917878967], Reward: 960.6094712058763
2024-07-19 20:16:19,413 - root - INFO - Actions: [0.09665625593905625, 0.9978671602481883, 0.33548798469333074], Reward: 960.7297310234674
2024-07-19 20:16:19,414 - root - INFO - Actions: [0.39153167934496835, 0.6721365106919219, 0.4847805749375247], Reward: 960.6531551939536
2024-07-19 20:16:19,414 - root - INFO - Actions: [0.34654709737589395, 0.16320816427898133, 0.7862455928352141], Reward: 959.772791205462
2024-07-19 20:16:19,414 - root - INFO - Actions: [-0.3582988196272907, -0.2011680542006815, 0.31706615473962785], Reward: 960.6738766008456
2024-07-19 20:16:19,414 - root - INFO - Actions: [-0.8953892093506453, -0.7096220270661866, -0.38009112635422904], Reward: 960.3075663725562
2024-07-19 20:16:19,414 - root - INFO - Actions: [0.024642996930850813, -0.4270367064811058, 0.7141523519810113], Reward: 959.7979551195432
2024-07-19 20:16:19,414 - root - INFO - Actions: [-0.7813908015422282, 0.3049359520035033, -0.5666645714477923], Reward: 959.456122714843
2024-07-19 20:16:19,414 - root - INFO - Actions: [-0.7948547354477982, -0.12793580290106465, 0.24274914378697465], Reward: 959.4290498383323
2024-07-19 20:16:19,414 - root - INFO - Actions: [-0.7725277654690343, -0.10595957435758407, 0.7064257454794611], Reward: 959.2360808048513
2024-07-19 20:16:19,414 - root - INFO - Actions: [-0.12395337601261502, 0.49821700125061263, -0.6454294245732772], Reward: 958.7304852623429
2024-07-19 20:16:19,414 - root - INFO - Actions: [-0.16085223178090602, -0.23121321674680084, -0.4010798145651835], Reward: 959.0682195762663
2024-07-19 20:16:19,414 - root - INFO - Actions: [0.6755970725139511, 0.8957167230489558, 0.5574148244734334], Reward: 959.58137808644
2024-07-19 20:16:19,414 - root - INFO - Actions: [-0.010087143389287068, -0.8973952727557841, 0.11229337679581719], Reward: 959.4101721269265
2024-07-19 20:16:19,414 - root - INFO - Actions: [0.6281382296368248, 0.23104067052220323, -0.11104584075929536], Reward: 958.6374413828783
2024-07-19 20:16:19,414 - root - INFO - Actions: [-0.24613505746198383, -0.44141762748294444, 0.14775633983911307], Reward: 958.5040361515732
2024-07-19 20:16:19,414 - root - INFO - Actions: [0.14660444615074497, 0.5126990589253018, 0.14738013813138529], Reward: 958.3203421648057
2024-07-19 20:16:19,414 - root - INFO - Actions: [-0.7092213924805872, 0.5341017648224065, -0.8854519260711773], Reward: 957.7796897897643
2024-07-19 20:16:19,414 - root - INFO - Actions: [0.6660013758307357, -0.7325019314470029, 0.0723051515345714], Reward: 957.3166864789175
2024-07-19 20:16:19,414 - root - INFO - Actions: [-0.5818641471596944, -0.9614993642768239, 0.3144833320545313], Reward: 956.9573485084927
2024-07-19 20:16:19,415 - root - INFO - Actions: [0.15527143481614258, -0.1257707475790093, 0.5175111723624715], Reward: 956.6661705817412
2024-07-19 20:16:19,415 - root - INFO - Actions: [0.3093829965389614, -0.4631824040542698, -0.5638691497971282], Reward: 956.6095553258881
2024-07-19 20:16:19,415 - root - INFO - Actions: [0.39337795643512896, -0.8225536231579251, -0.6287480983789149], Reward: 956.4165430255401
2024-07-19 20:16:19,415 - root - INFO - Actions: [-0.7034611517098701, 0.20032868494878708, 0.7368546238791172], Reward: 955.9340846810708
2024-07-19 20:16:19,415 - root - INFO - Actions: [0.7372548078643888, 0.34311051108605883, 0.6187813552728028], Reward: 955.5871934096324
2024-07-19 20:16:19,415 - root - INFO - Actions: [-0.14001446711734067, -0.9593369433547279, 0.3308123826430651], Reward: 955.3645719112815
2024-07-19 20:16:19,415 - root - INFO - Actions: [0.06891308183063272, 0.8555520312408946, 0.1359544151119787], Reward: 955.3126066653521
2024-07-19 20:16:19,415 - root - INFO - Actions: [-0.5318578370400167, -0.3075794297630221, 0.1848740262344537], Reward: 954.9767598246189
2024-07-19 20:16:19,415 - root - INFO - Actions: [0.6506847316856028, 0.27530476156040296, -0.9513957891717104], Reward: 954.540682106196
2024-07-19 20:16:19,415 - root - INFO - Actions: [-0.20038114460970258, 0.8937553649300034, -0.05239609872705597], Reward: 954.2217134638001
2024-07-19 20:16:19,415 - root - INFO - Actions: [0.1712877563340156, -0.6262827272223106, 0.2083083034112938], Reward: 954.1698031422793
2024-07-19 20:16:19,415 - root - INFO - Actions: [-0.01805054130880479, 0.1396456774835968, 0.39835753940440877], Reward: 955.024843053697
2024-07-19 20:16:19,415 - root - INFO - Actions: [0.6349618631983447, 0.6467456259513666, -0.33852550189241937], Reward: 954.2660224072306
2024-07-19 20:16:19,415 - root - INFO - Actions: [0.12508050682384297, 0.10462241407329165, -0.7462644066749773], Reward: 954.2595560696896
2024-07-19 20:16:19,415 - root - INFO - Actions: [-0.9984699896982845, -0.14207524122360815, -0.16565552617676227], Reward: 953.9621713743418
2024-07-19 20:16:19,415 - root - INFO - Actions: [0.5175021121868251, -0.1215265971013273, -0.860657966465753], Reward: 953.830965342455
2024-07-19 20:16:19,415 - root - INFO - Actions: [0.19879221977717965, -0.8651304979751873, 0.03553791397360739], Reward: 953.5732098402725
2024-07-19 20:16:19,415 - root - INFO - Actions: [-0.8392417722856875, 0.2506264035511012, -0.12827311085614324], Reward: 953.0003994584381
2024-07-19 20:16:19,416 - root - INFO - Actions: [0.5224806154631145, -0.33515023809132427, 0.3841243865661472], Reward: 951.9511871384893
2024-07-19 20:16:19,416 - root - INFO - Actions: [-0.3509051403568393, 0.5826724178241702, 0.589721985921555], Reward: 951.7769741059174
2024-07-19 20:16:19,416 - root - INFO - Actions: [-0.0472710501338669, 0.7325706512752599, -0.11204829785449832], Reward: 951.780055653566
2024-07-19 20:16:19,416 - root - INFO - Actions: [-0.6485595453148936, 0.5246432258829254, -0.5788546680151498], Reward: 951.4626138131848
2024-07-19 20:16:19,416 - root - INFO - Actions: [0.9210406329606937, -0.8032453741496195, -0.3018449508585159], Reward: 951.007667186708
2024-07-19 20:16:19,416 - root - INFO - Actions: [-0.6519409095910227, 0.5404035188855996, 0.40819668679043875], Reward: 950.5477177767536
2024-07-19 20:16:19,416 - root - INFO - Actions: [0.7320071958983361, -0.004748410202721098, -0.9950009592708884], Reward: 950.0962331789194
2024-07-19 20:16:19,416 - root - INFO - Actions: [0.05333987138976859, 0.9684944230820425, 0.05753589707519846], Reward: 949.8607926295902
2024-07-19 20:16:19,416 - root - INFO - Simulation ended
2024-07-19 20:18:16,329 - root - INFO - Starting simulation
2024-07-19 20:18:24,557 - root - INFO - Actions: [-0.35961759369357216, -0.35627325336265847, -0.23553992694759507], Reward: 1000.0
2024-07-19 20:18:24,557 - root - INFO - Actions: [-0.332266758412626, -0.003546957409608975, -0.7619476795604854], Reward: 1000.0
2024-07-19 20:18:24,557 - root - INFO - Actions: [0.10132937157663058, -0.43416848285490794, 0.1714119780772454], Reward: 999.7502402019776
2024-07-19 20:18:24,557 - root - INFO - Actions: [-0.3913144245188893, -0.8804115679662994, -0.5133540301863984], Reward: 999.6646688186133
2024-07-19 20:18:24,557 - root - INFO - Actions: [-0.7160669052795077, 0.5484327391007839, 0.9894784493711046], Reward: 998.98458591401
2024-07-19 20:18:24,557 - root - INFO - Actions: [-0.294972114721773, 0.469964739884823, -0.9864653393312754], Reward: 998.4965413508061
2024-07-19 20:18:24,557 - root - INFO - Actions: [-0.5172825133441827, -0.2522223760766311, -0.2808293242998785], Reward: 998.313080516958
2024-07-19 20:18:24,558 - root - INFO - Actions: [-0.8203340618486097, -0.5712755788939103, -0.024548053371102885], Reward: 998.2042058626209
2024-07-19 20:18:24,558 - root - INFO - Actions: [-0.012565852304767144, -0.522029165049331, 0.9731033418838122], Reward: 997.5161046771335
2024-07-19 20:18:24,558 - root - INFO - Actions: [0.34777153447422715, 0.44407610431949296, 0.5512265448221536], Reward: 997.4574273105907
2024-07-19 20:18:24,558 - root - INFO - Actions: [0.30454915226207957, -0.6877289147583758, -0.496399837119744], Reward: 997.085035300009
2024-07-19 20:18:24,558 - root - INFO - Actions: [0.4086997370211891, -0.011733901736100005, 0.476362227939622], Reward: 996.7092106986754
2024-07-19 20:18:24,558 - root - INFO - Actions: [-0.7955347125782022, 0.0684526008151809, 0.6658944670616327], Reward: 996.5467647526837
2024-07-19 20:18:24,558 - root - INFO - Actions: [0.5624556721671636, 0.27290296605392705, -0.5297493549378351], Reward: 996.136203599406
2024-07-19 20:18:24,558 - root - INFO - Actions: [-0.16750902466454165, 0.2758645577506551, -0.7168145842120519], Reward: 995.8721078847666
2024-07-19 20:18:24,558 - root - INFO - Actions: [-0.1170248438082988, -0.05589821414816454, 0.4206499732907376], Reward: 995.6714307503655
2024-07-19 20:18:24,559 - root - INFO - Actions: [0.6574246378468689, 0.7170955625103388, -0.5526653558998764], Reward: 995.2426707836104
2024-07-19 20:18:24,559 - root - INFO - Actions: [0.7225081948659666, -0.15209988692676535, 0.0020872461379140006], Reward: 995.1098920911967
2024-07-19 20:18:24,559 - root - INFO - Actions: [0.31395680437458684, 0.615262405192248, -0.5185027928253534], Reward: 995.0223837178231
2024-07-19 20:18:24,559 - root - INFO - Actions: [-0.4074491510249536, 0.5611439143806858, -0.7717407221963737], Reward: 994.7909091719657
2024-07-19 20:18:24,559 - root - INFO - Actions: [0.4361941550861794, -0.24763310482995804, 0.5958055959100392], Reward: 994.4726974248379
2024-07-19 20:18:24,559 - root - INFO - Actions: [0.8939078244350054, -0.7571820220283374, 0.2654915420389312], Reward: 994.1900660488981
2024-07-19 20:18:24,559 - root - INFO - Actions: [0.7363290987126969, -0.4234531083040236, -0.06422233364985308], Reward: 994.0268118060894
2024-07-19 20:18:24,559 - root - INFO - Actions: [-0.29591713328585834, -0.05202755461785191, -0.23686353766615809], Reward: 993.8581666567617
2024-07-19 20:18:24,559 - root - INFO - Actions: [0.6744366135341648, 0.8618145534325119, -0.5452418208614227], Reward: 993.5429386558276
2024-07-19 20:18:24,560 - root - INFO - Actions: [0.7999185654629317, -0.9076580259150901, 0.2038102597939393], Reward: 993.3208762990744
2024-07-19 20:18:24,560 - root - INFO - Actions: [0.9127378088810418, -0.709537483095716, 0.15911183062487555], Reward: 992.6035679913435
2024-07-19 20:18:24,560 - root - INFO - Actions: [-0.5082368690690058, 0.49143685236266577, -0.5844562040036076], Reward: 992.2243500479715
2024-07-19 20:18:24,560 - root - INFO - Actions: [0.2904174383955098, -0.5833162184725535, 0.6577658055699858], Reward: 991.9043696493203
2024-07-19 20:18:24,560 - root - INFO - Actions: [0.16058414473057114, -0.20003860535322082, 0.7073004060677912], Reward: 991.8389507222254
2024-07-19 20:18:24,560 - root - INFO - Actions: [0.3707211225298126, -0.36391942741511474, -0.24653529238582794], Reward: 991.7158514325209
2024-07-19 20:18:24,560 - root - INFO - Actions: [-0.13231986110228355, -0.09235521220182341, 0.5359175301287342], Reward: 991.6192953265797
2024-07-19 20:18:24,560 - root - INFO - Actions: [0.3810783193463414, -0.9032395893773466, 0.07894865543876839], Reward: 991.5816379725907
2024-07-19 20:18:24,560 - root - INFO - Actions: [0.0857076553545355, -0.2749014131938896, -0.3318176830269648], Reward: 991.4842999173361
2024-07-19 20:18:24,561 - root - INFO - Actions: [0.35992715214275695, 0.9839820872645422, 0.4517708595467811], Reward: 991.3439473664254
2024-07-19 20:18:24,561 - root - INFO - Actions: [0.6046291673042674, 0.7429437805386001, -0.2945224963260742], Reward: 991.3562243218494
2024-07-19 20:18:24,561 - root - INFO - Actions: [0.9004842977740415, 0.4698205158022868, 0.5542924880074618], Reward: 991.3263780586174
2024-07-19 20:18:24,561 - root - INFO - Actions: [-0.33708068828938287, -0.2371669688389677, -0.49345656446234476], Reward: 991.0640595244738
2024-07-19 20:18:24,561 - root - INFO - Actions: [0.987233513120797, -0.033057041531559195, -0.3460521837687547], Reward: 990.7210661532337
2024-07-19 20:18:24,561 - root - INFO - Actions: [-0.5335101651539538, 0.9831104828089874, 0.8609938820485827], Reward: 990.3320762650646
2024-07-19 20:18:24,561 - root - INFO - Actions: [-0.17008464558442937, 0.23751321351048094, -0.7388404227297058], Reward: 990.1603687258707
2024-07-19 20:18:24,561 - root - INFO - Actions: [0.8656962804483268, -0.03146288553698562, 0.7482753358228664], Reward: 989.8394652804445
2024-07-19 20:18:24,561 - root - INFO - Actions: [0.8116173031475378, -0.05683525798939848, 0.6037664651367911], Reward: 989.7756801322394
2024-07-19 20:18:24,561 - root - INFO - Actions: [0.29067902567706083, -0.02762166944782729, -0.21618713508171905], Reward: 989.6816958003802
2024-07-19 20:18:24,562 - root - INFO - Actions: [-0.05795265056070775, 0.10979690416053134, 0.37866783051178854], Reward: 989.6342656799471
2024-07-19 20:18:24,562 - root - INFO - Actions: [-0.9930733089664232, -0.6200740861543497, -0.569139137582608], Reward: 989.073331656332
2024-07-19 20:18:24,562 - root - INFO - Actions: [-0.6468259426858918, 0.42387715089580924, -0.8620270909852501], Reward: 988.856170400525
2024-07-19 20:18:24,562 - root - INFO - Actions: [-0.18557295926994044, -0.6208490462183691, 0.5574684970671182], Reward: 988.4206478823766
2024-07-19 20:18:24,562 - root - INFO - Actions: [0.9925980427439742, 0.08953473194291894, 0.41038495181273493], Reward: 988.0671354903748
2024-07-19 20:18:24,562 - root - INFO - Actions: [-0.48720040999496783, 0.9687823655431556, 0.29999522414544], Reward: 987.9237324044454
2024-07-19 20:18:24,562 - root - INFO - Actions: [-0.5415901330205042, 0.5277297911865735, -0.364179778148606], Reward: 987.7212976998958
2024-07-19 20:18:24,562 - root - INFO - Actions: [0.2878579182321932, 0.13396556445630625, -0.7973034004126622], Reward: 987.4172495915681
2024-07-19 20:18:24,562 - root - INFO - Actions: [0.8263169092332359, -0.734077539034204, -0.2737268323754425], Reward: 986.9623796776373
2024-07-19 20:18:24,563 - root - INFO - Actions: [-0.9688002769765642, -0.14860353831377804, 0.20770576487188697], Reward: 986.516584807203
2024-07-19 20:18:24,563 - root - INFO - Actions: [-0.3320186453379661, 0.15182829313818913, -0.37773791337524876], Reward: 986.3959112740996
2024-07-19 20:18:24,563 - root - INFO - Actions: [0.4279359800146263, 0.1808845609861116, 0.9436769667502303], Reward: 985.7811329848961
2024-07-19 20:18:24,563 - root - INFO - Actions: [0.76886862993476, -0.07621745245055633, 0.8473791021871442], Reward: 985.7692373338498
2024-07-19 20:18:24,563 - root - INFO - Actions: [-0.22800526114436925, 0.2396552254297304, 0.7211482799923175], Reward: 985.7242067146965
2024-07-19 20:18:24,563 - root - INFO - Actions: [-0.6609192002653426, 0.864738868870595, 0.7935142734867693], Reward: 985.554213673662
2024-07-19 20:18:24,563 - root - INFO - Actions: [-0.9557019557470234, 0.1616302206776392, -0.2321338056387281], Reward: 985.55130914349
2024-07-19 20:18:24,563 - root - INFO - Actions: [0.04029519884074673, 0.022016452047570523, 0.40940118343152365], Reward: 985.455517074015
2024-07-19 20:18:24,563 - root - INFO - Actions: [0.11281098491438879, -0.507172263742903, -0.5678966870189175], Reward: 985.0846904182971
2024-07-19 20:18:24,563 - root - INFO - Actions: [-0.8263230002654196, 0.7365042300118065, 0.5304897689668722], Reward: 984.6097186938471
2024-07-19 20:18:24,564 - root - INFO - Actions: [-0.6953883159209178, -0.20237770005344813, -0.6479511411423085], Reward: 984.3055131763861
2024-07-19 20:18:24,564 - root - INFO - Actions: [-0.22870519328789962, 0.16704185331847454, 0.5619721331828662], Reward: 983.9835118372133
2024-07-19 20:18:24,564 - root - INFO - Actions: [-0.15451962507469696, 0.18867341145723082, 0.5521680519513636], Reward: 983.9185456072485
2024-07-19 20:18:24,564 - root - INFO - Actions: [-0.24682442676671656, -0.5338241892230462, 0.09663183728632374], Reward: 983.7218109968064
2024-07-19 20:18:24,564 - root - INFO - Actions: [-0.8334000175736944, 0.33610812315551697, 0.6066843056038347], Reward: 983.6035541218967
2024-07-19 20:18:24,564 - root - INFO - Actions: [-0.22122180734363073, 0.23122270925613808, -0.3456407129824288], Reward: 983.4843321096191
2024-07-19 20:18:24,564 - root - INFO - Actions: [-0.8768458676286801, 0.22452656418239014, -0.39651841829712553], Reward: 983.3200042666273
2024-07-19 20:18:24,564 - root - INFO - Actions: [0.7870382468524393, 0.6848647396933158, 0.9534051827619947], Reward: 983.0802417608493
2024-07-19 20:18:24,564 - root - INFO - Actions: [-0.7627984188601094, 0.24368961754113183, -0.29585451649465555], Reward: 983.0704596265391
2024-07-19 20:18:24,565 - root - INFO - Actions: [0.5568576309541753, 0.0770139681501949, -0.7135961697350253], Reward: 982.7370514132064
2024-07-19 20:18:24,565 - root - INFO - Actions: [0.6524698019415398, -0.9046704199244546, 0.21742473269996054], Reward: 982.206902405796
2024-07-19 20:18:24,565 - root - INFO - Actions: [-0.9199313907011337, 0.5925555938084541, 0.5941995574393077], Reward: 981.6211277378158
2024-07-19 20:18:24,565 - root - INFO - Actions: [0.3230844913148625, 0.16405354334707178, -0.5031942298867975], Reward: 981.426559263767
2024-07-19 20:18:24,565 - root - INFO - Actions: [-0.16289524919927323, 0.6809165035711844, 0.330826409315069], Reward: 981.2385195952314
2024-07-19 20:18:24,565 - root - INFO - Actions: [0.5795993216726982, 0.27057729063871494, 0.8769795519335477], Reward: 981.1451831599859
2024-07-19 20:18:24,565 - root - INFO - Actions: [0.7859325638577948, -0.21797048680942788, -0.4926642094800895], Reward: 980.8969617233664
2024-07-19 20:18:24,565 - root - INFO - Actions: [0.06144294950438289, 0.021305256114609428, 0.32831338332087046], Reward: 980.7362865776493
2024-07-19 20:18:24,565 - root - INFO - Actions: [-0.20720837720553975, -0.2823340614641099, -0.5015348235567516], Reward: 980.5538189289957
2024-07-19 20:18:24,565 - root - INFO - Actions: [-0.1286923676188696, 0.30350287122395514, 0.13582946061072865], Reward: 980.3903915111937
2024-07-19 20:18:24,566 - root - INFO - Actions: [-0.9259620458586335, -0.7328098233332403, 0.6415336990304028], Reward: 979.97017441431
2024-07-19 20:18:24,566 - root - INFO - Actions: [0.11536847750955181, 0.64966969437699, -0.6117883166966893], Reward: 979.5498896709237
2024-07-19 20:18:24,566 - root - INFO - Actions: [-0.30206029077454266, -0.6210758696306733, -0.422499488712319], Reward: 979.2861663687734
2024-07-19 20:18:24,566 - root - INFO - Actions: [0.40348650036388545, -0.47694117646022316, 0.43431464092127414], Reward: 978.7960386722241
2024-07-19 20:18:24,566 - root - INFO - Actions: [0.4921879471949808, -0.0010444249570809028, 0.9349040981477579], Reward: 978.6567251824786
2024-07-19 20:18:24,566 - root - INFO - Actions: [0.3737440136886745, 0.2719213401243965, 0.37757310720235604], Reward: 978.6589272222744
2024-07-19 20:18:24,566 - root - INFO - Actions: [0.5260579804919516, 0.027204075542799355, -0.127570573000511], Reward: 978.5448938172922
2024-07-19 20:18:24,566 - root - INFO - Actions: [-0.8838912071945708, 0.31012272154212495, 0.4050643137685823], Reward: 978.3428719660687
2024-07-19 20:18:24,566 - root - INFO - Actions: [0.27987462574616173, -0.24087656555584291, -0.26919114119559717], Reward: 978.1538630344035
2024-07-19 20:18:24,566 - root - INFO - Actions: [0.2624392949488126, -0.4292992926867454, -0.026499164199156988], Reward: 978.0472448191576
2024-07-19 20:18:24,567 - root - INFO - Actions: [-0.05057400259374112, 0.14483109479504686, -0.3842518050025876], Reward: 977.9328569594411
2024-07-19 20:18:24,567 - root - INFO - Actions: [-0.33787748931120865, 0.5494108515099647, -0.04110826067020845], Reward: 977.7273750522298
2024-07-19 20:18:24,567 - root - INFO - Actions: [-0.9870137133009353, -0.9217050934241819, -0.24495069471037878], Reward: 977.3392518272346
2024-07-19 20:18:24,567 - root - INFO - Actions: [0.2281758813177428, 0.597969879797484, -0.7081938264277994], Reward: 976.7567242028271
2024-07-19 20:18:24,567 - root - INFO - Actions: [-0.5152235674503043, -0.0844881395594288, 0.23462726899339326], Reward: 976.6107115402157
2024-07-19 20:18:24,567 - root - INFO - Actions: [0.43666028971741366, 0.17247345558292282, -0.3197370141885014], Reward: 976.3747335172611
2024-07-19 20:18:24,567 - root - INFO - Actions: [0.45858862063437034, 0.4604417411358268, 0.6849230704066942], Reward: 976.1854710257028
2024-07-19 20:18:24,567 - root - INFO - Actions: [0.800093417394711, -0.02997595637204009, -0.19734210914286376], Reward: 976.1381157361525
2024-07-19 20:18:24,567 - root - INFO - Actions: [-0.8358280018763546, -0.7247044424834574, 0.07231516761920864], Reward: 975.6659028224166
2024-07-19 20:18:24,568 - root - INFO - Actions: [0.1132074514491399, 0.581295717823024, 0.09358638670392727], Reward: 975.2024370598019
2024-07-19 20:18:24,568 - root - INFO - Actions: [0.5696985480914067, 0.21527382704927245, 0.37939115785106114], Reward: 975.1685747715701
2024-07-19 20:18:24,568 - root - INFO - Actions: [-0.1893739746782741, 0.5263052237713559, 0.8205469444506059], Reward: 975.1745968032939
2024-07-19 20:18:24,568 - root - INFO - Actions: [-0.9445325984834443, -0.7113921150653386, 0.505881389599456], Reward: 974.7484472437138
2024-07-19 20:18:24,568 - root - INFO - Actions: [0.9521145597778542, 0.6938701229669346, 0.43452127672307683], Reward: 974.3813930791897
2024-07-19 20:18:24,568 - root - INFO - Actions: [0.6259148902920701, 0.759295825043258, 0.6322477551303325], Reward: 974.3623417784554
2024-07-19 20:18:24,568 - root - INFO - Actions: [-0.5365277895853868, -0.24118500379275565, -0.22325044933145288], Reward: 974.1389172019883
2024-07-19 20:18:24,568 - root - INFO - Actions: [0.18020032545682718, 0.24333722617781017, -0.471816601187663], Reward: 973.9923811431014
2024-07-19 20:18:24,568 - root - INFO - Actions: [0.5375343973254934, -0.8778005982608998, 0.941292901856913], Reward: 973.5511433716565
2024-07-19 20:18:24,568 - root - INFO - Actions: [0.8229534254180249, 0.617063050995879, -0.6472867251997538], Reward: 973.1159146742143
2024-07-19 20:18:24,569 - root - INFO - Actions: [0.9293032581759304, -0.528817767785529, -0.8581331163230717], Reward: 972.796156257557
2024-07-19 20:18:24,569 - root - INFO - Actions: [-0.6000520406834811, 0.27477979474962777, 0.8889792986592258], Reward: 972.3415000568698
2024-07-19 20:18:24,569 - root - INFO - Actions: [-0.543810665586534, -0.8992486701861151, -0.6696708703571599], Reward: 972.0553827700355
2024-07-19 20:18:24,569 - root - INFO - Actions: [-0.21594373133385547, -0.2767683260560032, -0.9785714484500212], Reward: 971.9901468248621
2024-07-19 20:18:24,569 - root - INFO - Actions: [0.5197428633245997, -0.44757210016025595, -0.8033858014359918], Reward: 971.6558544497473
2024-07-19 20:18:24,569 - root - INFO - Actions: [0.06476712965788378, -0.06941498465164475, -0.5331755691353166], Reward: 971.804956571212
2024-07-19 20:18:24,569 - root - INFO - Actions: [-0.46810817381265424, -0.2216097611317056, -0.7977918156651098], Reward: 971.6030709686747
2024-07-19 20:18:24,569 - root - INFO - Actions: [0.933756075442254, -0.1754223626610918, 0.688556730732756], Reward: 971.1180551545112
2024-07-19 20:18:24,569 - root - INFO - Actions: [-0.05175380551230435, -0.9748866835837351, 0.292696279955144], Reward: 971.1666682306092
2024-07-19 20:18:24,569 - root - INFO - Actions: [-0.6877241704555836, 0.34994361714211264, 0.3084398595020834], Reward: 970.8117121549512
2024-07-19 20:18:24,570 - root - INFO - Actions: [0.8829485277964382, -0.411996821531899, -0.09889766746936757], Reward: 970.480994041391
2024-07-19 20:18:24,570 - root - INFO - Actions: [0.9267412240557784, 0.17381900744261713, 0.21580473400195577], Reward: 970.4472941664696
2024-07-19 20:18:24,570 - root - INFO - Actions: [-0.6525367716933275, 0.3617032267844458, -0.5663954360121575], Reward: 970.0004672954001
2024-07-19 20:18:24,570 - root - INFO - Actions: [-0.242646940261519, 0.06834845678291401, -0.6800651649143339], Reward: 969.8526794747711
2024-07-19 20:18:24,570 - root - INFO - Actions: [-0.49317030253821703, -0.4411525642625711, 0.24260155863128618], Reward: 969.6499190813479
2024-07-19 20:18:24,570 - root - INFO - Actions: [0.6418437856441954, -0.369246896731217, 0.9588906459934197], Reward: 969.1585821117524
2024-07-19 20:18:24,570 - root - INFO - Actions: [-0.1990595784584246, -0.8737532610875964, -0.26572611641419264], Reward: 968.9764338258615
2024-07-19 20:18:24,570 - root - INFO - Actions: [-0.8910298025231504, 0.551850364925222, 0.21990540409534587], Reward: 968.5555808417158
2024-07-19 20:18:24,570 - root - INFO - Actions: [0.31096981841762994, 0.6777004487313514, -0.11749941905772587], Reward: 968.2881232583977
2024-07-19 20:18:24,571 - root - INFO - Actions: [-0.4288181060859342, 0.7082338958858336, 0.8213606602402748], Reward: 968.2908581885445
2024-07-19 20:18:24,571 - root - INFO - Actions: [-0.9168200983339467, 0.6791869655449174, 0.3891250067528811], Reward: 968.1007780650903
2024-07-19 20:18:24,571 - root - INFO - Actions: [0.2134864764502855, 0.052553247442404194, 0.5207296673436468], Reward: 967.9614302117083
2024-07-19 20:18:24,571 - root - INFO - Actions: [-0.4632951506361118, 0.9735295814414542, 0.5123097205925438], Reward: 967.9440612479532
2024-07-19 20:18:24,571 - root - INFO - Actions: [-0.810950233418261, -0.6172575018273587, 0.3362783476172848], Reward: 967.9487775209423
2024-07-19 20:18:24,571 - root - INFO - Actions: [-0.3892676727278348, 0.5861865094587357, -0.6805340707107157], Reward: 967.5578980845197
2024-07-19 20:18:24,571 - root - INFO - Actions: [-0.5084275469165105, -0.0054682122188876026, 0.2144312121881946], Reward: 967.4360791406066
2024-07-19 20:18:24,571 - root - INFO - Actions: [-0.4256234260993812, -0.7301497650644329, 0.3517168536253259], Reward: 967.1455867915226
2024-07-19 20:18:24,571 - root - INFO - Actions: [-0.25671759442752795, 0.8590837178447892, 0.19849930851147768], Reward: 966.7864509546275
2024-07-19 20:18:24,572 - root - INFO - Actions: [-0.3516934480189353, 0.039098417728429036, 0.4495414799021158], Reward: 966.777460556728
2024-07-19 20:18:24,572 - root - INFO - Actions: [-0.1543510009648983, -0.896079187260244, -0.16534889083271653], Reward: 966.4264734130486
2024-07-19 20:18:24,572 - root - INFO - Actions: [0.3067394183151775, 0.5819545692062777, 0.6598835028448229], Reward: 965.9670037920923
2024-07-19 20:18:24,572 - root - INFO - Actions: [-0.9889007312672291, -0.03539902781305959, -0.6895332272390353], Reward: 965.4760073423488
2024-07-19 20:18:24,572 - root - INFO - Actions: [-0.6912696788162087, 0.9115228469687184, -0.902954754848539], Reward: 964.7983088737127
2024-07-19 20:18:24,572 - root - INFO - Actions: [0.744015339108723, 0.1028727147288584, 0.16500284866103931], Reward: 964.5094092799305
2024-07-19 20:18:24,572 - root - INFO - Actions: [-0.3616801439498627, 0.33585244812903015, 0.6292824173739171], Reward: 964.4467908216412
2024-07-19 20:18:24,572 - root - INFO - Actions: [-0.6900244238010722, -0.3447592912587183, -0.40909187308649453], Reward: 964.184636636034
2024-07-19 20:18:24,572 - root - INFO - Actions: [0.5810970617767031, 0.566759858212657, 0.10796355323016571], Reward: 963.8763348022779
2024-07-19 20:18:24,572 - root - INFO - Actions: [0.09569079784954693, 0.023444214610408798, 0.570896015646317], Reward: 963.8755749589952
2024-07-19 20:18:24,573 - root - INFO - Actions: [-0.6756881071702028, 0.20177071462898843, -0.7254607163229942], Reward: 963.7255110076428
2024-07-19 20:18:24,573 - root - INFO - Actions: [0.7662691211076431, 0.0008460336617748254, -0.9074111862493275], Reward: 963.5995194795717
2024-07-19 20:18:24,573 - root - INFO - Actions: [0.36591223604720025, -0.16950879176373235, -0.07150245166195757], Reward: 963.5058040592489
2024-07-19 20:18:24,573 - root - INFO - Actions: [-0.6590341693623429, 0.7444600224345757, -0.47906691004926993], Reward: 963.634152899553
2024-07-19 20:18:24,573 - root - INFO - Actions: [0.3821725011124264, 0.10663293893611803, 0.3438364921508008], Reward: 963.5300798535967
2024-07-19 20:18:24,573 - root - INFO - Actions: [0.8634256159625204, 0.30539721100410033, -0.7239191909401026], Reward: 963.4642152297072
2024-07-19 20:18:24,573 - root - INFO - Actions: [-0.18297092363454293, -0.2970353194978379, -0.8411783887586817], Reward: 963.2713411004169
2024-07-19 20:18:24,573 - root - INFO - Actions: [0.3243508184824817, 0.2502343301481378, 0.6513770914980714], Reward: 963.0830099771902
2024-07-19 20:18:24,573 - root - INFO - Actions: [0.7283679862711194, 0.4459579693973774, -0.5750199974960766], Reward: 963.2044617709579
2024-07-19 20:18:24,573 - root - INFO - Actions: [-0.4208768399634468, 0.7286242322091614, -0.4923395722032906], Reward: 963.0507859222012
2024-07-19 20:18:24,574 - root - INFO - Actions: [-0.9154592111583442, -0.7457343795564271, 0.8837469318783058], Reward: 962.5210593228038
2024-07-19 20:18:24,574 - root - INFO - Actions: [-0.6920113773482761, -0.44421772555440686, -0.5106847576384108], Reward: 962.409758497347
2024-07-19 20:18:24,574 - root - INFO - Actions: [-0.3991526800336933, 0.7254565007959308, 0.7823845729829404], Reward: 961.8219127607656
2024-07-19 20:18:24,574 - root - INFO - Actions: [0.6706986652499389, -0.46898263169988774, -0.8385452470760029], Reward: 961.3352462195987
2024-07-19 20:18:24,574 - root - INFO - Actions: [0.6429708769997171, -0.37398548580262525, 0.4413682189216148], Reward: 960.7922504434767
2024-07-19 20:18:24,574 - root - INFO - Actions: [0.8816857475865989, 0.15757417755143055, -0.2768138262221025], Reward: 960.7433995981991
2024-07-19 20:18:24,574 - root - INFO - Actions: [-0.25418341141993395, 0.02217970095333821, -0.8922505710173569], Reward: 960.492160805064
2024-07-19 20:18:24,574 - root - INFO - Actions: [-0.6979008275495586, 0.9574665972776186, -0.7236367338488658], Reward: 959.995836254747
2024-07-19 20:18:24,574 - root - INFO - Actions: [-0.5763458336772327, 0.10219930360611973, 0.4567592774226632], Reward: 959.8569953026788
2024-07-19 20:18:24,574 - root - INFO - Actions: [-0.5002326819633576, 0.09263118949634008, 0.5020235888548319], Reward: 959.7604304553446
2024-07-19 20:18:24,575 - root - INFO - Actions: [0.8319141068134248, 0.9077627861944098, -0.9985408359297567], Reward: 959.5466898231238
2024-07-19 20:18:24,575 - root - INFO - Actions: [0.7506316872299714, 0.19821101879414482, 0.12939138725916366], Reward: 959.3724424985647
2024-07-19 20:18:24,575 - root - INFO - Actions: [-0.41486391331975025, 0.07377999959001236, -0.6929790539892677], Reward: 959.2902730480356
2024-07-19 20:18:24,575 - root - INFO - Actions: [-0.24089566580721455, 0.11334131692425142, -0.3264726561059579], Reward: 959.259297530437
2024-07-19 20:18:24,575 - root - INFO - Actions: [0.380502273335084, -0.5364992513915894, 0.769399992837841], Reward: 958.8853930566278
2024-07-19 20:18:24,575 - root - INFO - Actions: [-0.46626236528729725, 0.7342183177458523, 0.6541409530264843], Reward: 958.6176011896491
2024-07-19 20:18:24,575 - root - INFO - Actions: [0.9859168346769636, 0.028666868496486586, 0.985458900304188], Reward: 958.684923754503
2024-07-19 20:18:24,575 - root - INFO - Actions: [0.22893153462974625, 0.6411897934642274, 0.43249450551732793], Reward: 958.6260737608786
2024-07-19 20:18:24,575 - root - INFO - Actions: [0.4552139304536513, 0.3464780549031461, -0.4356801985336025], Reward: 958.4472524330037
2024-07-19 20:18:24,576 - root - INFO - Actions: [0.8247066523829247, -0.639103685349605, 0.5540664930519994], Reward: 958.0879852196554
2024-07-19 20:18:24,576 - root - INFO - Actions: [-0.9105755004963678, -0.06805585295999683, -0.514160870443916], Reward: 957.8550480287349
2024-07-19 20:18:24,576 - root - INFO - Actions: [-0.1292983404725585, -0.8527774491754989, -0.02155802791136674], Reward: 957.7354595247261
2024-07-19 20:18:24,576 - root - INFO - Actions: [-0.13403131347417552, -0.5616938464773054, 0.9058386668911846], Reward: 957.1966496560719
2024-07-19 20:18:24,576 - root - INFO - Actions: [0.993430215823319, 0.7256197571074412, 0.48885586890046184], Reward: 957.0797046365708
2024-07-19 20:18:24,576 - root - INFO - Actions: [0.6107057397911453, -0.53902232829279, 0.48904203408662283], Reward: 957.0626007541197
2024-07-19 20:18:24,576 - root - INFO - Actions: [-0.0843335251520605, 0.029046193750583482, 0.6884323653544895], Reward: 957.0468243475964
2024-07-19 20:18:24,576 - root - INFO - Actions: [-0.37016650044929933, -0.5439007842178261, 0.5175292786497969], Reward: 957.2042367573728
2024-07-19 20:18:24,576 - root - INFO - Actions: [-0.4664760657740388, -0.7885361241565589, 0.993026304648917], Reward: 957.1618972502959
2024-07-19 20:18:24,576 - root - INFO - Actions: [0.7238625841254618, -0.3111603946663619, -0.4325951000623578], Reward: 956.8521334987516
2024-07-19 20:18:24,577 - root - INFO - Actions: [-0.3237091694876961, -0.39946460130031936, -0.8636338298164654], Reward: 956.5070147751724
2024-07-19 20:18:24,577 - root - INFO - Actions: [-0.261439560015825, 0.06207204319711468, 0.0018915796520646566], Reward: 956.4612813431978
2024-07-19 20:18:24,577 - root - INFO - Actions: [0.40481563572304036, 0.5529317768397388, -0.09028728943484232], Reward: 955.8981139269569
2024-07-19 20:18:24,577 - root - INFO - Actions: [-0.29864129870216627, -0.5344787441954424, 0.8820332498115733], Reward: 955.5714791262833
2024-07-19 20:18:24,577 - root - INFO - Actions: [0.8677716061997409, 0.7913715982734035, -0.6631416290097545], Reward: 955.2384001132061
2024-07-19 20:18:24,577 - root - INFO - Actions: [-0.8592861257827078, 0.8124173326926809, -0.15379480201159912], Reward: 954.9124942966217
2024-07-19 20:18:24,577 - root - INFO - Actions: [-0.19825744086988317, -0.9600894561356144, -0.18712998169282646], Reward: 954.5577476333539
2024-07-19 20:18:24,577 - root - INFO - Actions: [-0.15260795940262484, 0.1381535232021649, 0.3369012775204163], Reward: 954.2219516323175
2024-07-19 20:18:24,577 - root - INFO - Actions: [0.5766210435163137, 0.29264488316057413, 0.5235406486405592], Reward: 953.8704008728521
2024-07-19 20:18:24,577 - root - INFO - Actions: [0.014176381566308738, -0.15124485444238567, -0.7319888092212987], Reward: 953.4841774303584
2024-07-19 20:18:24,578 - root - INFO - Actions: [0.7662510950411867, 0.48264427473343785, 0.5557448088419008], Reward: 953.1904569233513
2024-07-19 20:18:24,578 - root - INFO - Actions: [0.19059295804716747, -0.8073564111491733, -0.06556202326238836], Reward: 952.9943082904299
2024-07-19 20:18:24,578 - root - INFO - Simulation ended
2024-07-19 20:30:51,816 - root - INFO - Starting simulation
2024-07-19 20:30:59,919 - root - INFO - Actions: [-0.7474230700570366, 0.6144467523821238, 0.9492018488718463], Reward: 999.477086817659
2024-07-19 20:30:59,919 - root - INFO - Actions: [-0.7393888346508668, -0.7030435686073182, 0.9330425841385397], Reward: 999.434814968785
2024-07-19 20:30:59,919 - root - INFO - Actions: [0.11523798296810583, -0.9226460751638463, 0.38673119868053574], Reward: 999.3854582302054
2024-07-19 20:30:59,919 - root - INFO - Actions: [-0.9079493131690564, -0.2637203836698059, -0.2853106008364239], Reward: 999.4286948490173
2024-07-19 20:30:59,920 - root - INFO - Actions: [-0.4854835970878093, -0.5059649099558283, 0.17647930288293057], Reward: 999.2915056055994
2024-07-19 20:30:59,920 - root - INFO - Actions: [-0.2101866905731169, -0.2002070945681036, 0.17709593519124578], Reward: 999.4025708241778
2024-07-19 20:30:59,920 - root - INFO - Actions: [-0.11163456710870423, 0.19471323364485493, 0.7972004103202948], Reward: 998.9282651428175
2024-07-19 20:30:59,920 - root - INFO - Actions: [-0.10135065046086322, -0.9667065828285071, -0.1500545489130385], Reward: 998.7752608978103
2024-07-19 20:30:59,920 - root - INFO - Actions: [0.29157905372079984, -0.034816532953953594, -0.8551188701966603], Reward: 998.2238954774024
2024-07-19 20:30:59,920 - root - INFO - Actions: [-0.6763961075472795, 0.5600183490824615, 0.6939697933094862], Reward: 997.4981661154011
2024-07-19 20:30:59,920 - root - INFO - Actions: [-0.5615910048099488, -0.043678221101655534, 0.8416565362664559], Reward: 997.3134208932915
2024-07-19 20:30:59,920 - root - INFO - Actions: [0.5156249413998559, 0.0969138818099029, 0.5653976297726322], Reward: 997.4105080259222
2024-07-19 20:30:59,920 - root - INFO - Actions: [-0.559741442024047, -0.016677896174461804, 0.9537149302279948], Reward: 997.6151573781249
2024-07-19 20:30:59,920 - root - INFO - Actions: [0.7511869921568763, -0.9292671432601922, -0.2083220531966139], Reward: 997.2584947942505
2024-07-19 20:30:59,920 - root - INFO - Actions: [-0.5016774004549054, -0.6591739795688607, -0.6770143882539683], Reward: 996.9642218060212
2024-07-19 20:30:59,920 - root - INFO - Actions: [0.82512722842131, 0.8254071722025413, 0.01792097505934387], Reward: 996.5383327360953
2024-07-19 20:30:59,920 - root - INFO - Actions: [-0.06257464879112806, -0.3303170099849344, 0.9781735572711576], Reward: 996.4362900498359
2024-07-19 20:30:59,920 - root - INFO - Actions: [-0.7946160177632862, -0.6956039082297858, -0.6959026168076923], Reward: 995.9988238992827
2024-07-19 20:30:59,920 - root - INFO - Actions: [0.9572159792362549, -0.04080973538222521, 0.7913092747468504], Reward: 995.3037834288918
2024-07-19 20:30:59,920 - root - INFO - Actions: [-0.4279277193027755, -0.6902793046563043, -0.8872253557017644], Reward: 994.8305455382291
2024-07-19 20:30:59,920 - root - INFO - Actions: [0.6131249607789409, -0.8760439469876815, 0.7277830180614828], Reward: 994.335021593213
2024-07-19 20:30:59,920 - root - INFO - Actions: [-0.929213115927495, -0.5848347212024421, -0.3588157738278077], Reward: 993.8045626376127
2024-07-19 20:30:59,921 - root - INFO - Actions: [-0.23452656105793546, -0.6693561087775044, -0.7390819577421297], Reward: 993.650184579945
2024-07-19 20:30:59,921 - root - INFO - Actions: [0.45786222737726034, -0.44082871893647946, 0.6093461871529047], Reward: 993.0204912827337
2024-07-19 20:30:59,921 - root - INFO - Actions: [0.8440722241290908, -0.2434106186846523, 0.16326421963786686], Reward: 993.016992291517
2024-07-19 20:30:59,921 - root - INFO - Actions: [-0.6183378265794686, 0.48718426332189524, -0.329891057142883], Reward: 992.6629095767784
2024-07-19 20:30:59,921 - root - INFO - Actions: [-0.868179864953428, 0.8002552401871339, 0.7306290104800837], Reward: 992.367501211398
2024-07-19 20:30:59,921 - root - INFO - Actions: [0.9757771707079013, -0.4051312969649077, 0.12988661189166884], Reward: 992.11211606553
2024-07-19 20:30:59,921 - root - INFO - Actions: [-0.1067726590418614, 0.2638169299751181, -0.34548680282026223], Reward: 992.1588021636742
2024-07-19 20:30:59,921 - root - INFO - Actions: [-0.835586335658878, 0.8247863632357211, -0.7174246377207509], Reward: 991.5065589138758
2024-07-19 20:30:59,921 - root - INFO - Actions: [-0.027013679251431055, -0.44652328207497693, 0.33231459487874115], Reward: 991.2575968729701
2024-07-19 20:30:59,921 - root - INFO - Actions: [0.7177201319449413, 0.9818959367843032, 0.0778453361176541], Reward: 991.2837127948753
2024-07-19 20:30:59,921 - root - INFO - Actions: [-0.1960747980930886, -0.8751982411363146, -0.017184667157331468], Reward: 991.0807451066837
2024-07-19 20:30:59,921 - root - INFO - Actions: [0.15604088968647645, 0.3389599905907339, -0.6922813786340278], Reward: 990.7892340918308
2024-07-19 20:30:59,921 - root - INFO - Actions: [-0.3439764790442892, -0.5944222056492368, -0.4096693750695488], Reward: 991.2341713783518
2024-07-19 20:30:59,921 - root - INFO - Actions: [-0.16915676895359955, 0.012172352561424793, 0.11417550949426958], Reward: 991.3102464283497
2024-07-19 20:30:59,921 - root - INFO - Actions: [0.47274964352937543, -0.6011971117944648, 0.2688975405896272], Reward: 991.7954106281643
2024-07-19 20:30:59,921 - root - INFO - Actions: [-0.941487837411725, 0.991226566118204, -0.7326867480754926], Reward: 991.3755794616281
2024-07-19 20:30:59,921 - root - INFO - Actions: [-0.22995501838040422, 0.10638722798588329, -0.09949309052846966], Reward: 990.6740777722865
2024-07-19 20:30:59,921 - root - INFO - Actions: [0.930525100203601, -0.7466548467793912, -0.565996880549823], Reward: 990.7574234567679
2024-07-19 20:30:59,921 - root - INFO - Actions: [-0.28128345535410393, 0.005638551439636208, -0.5357084015303779], Reward: 990.5171388651643
2024-07-19 20:30:59,921 - root - INFO - Actions: [0.396522084445762, 0.28839058520914707, -0.322852496288317], Reward: 990.0678419991864
2024-07-19 20:30:59,921 - root - INFO - Actions: [0.34390306154280004, 0.546106583161424, 0.6456135819993829], Reward: 990.1728277698337
2024-07-19 20:30:59,922 - root - INFO - Actions: [-0.8356497773216116, 0.010160155886584699, 0.21373441523872017], Reward: 989.7696951236046
2024-07-19 20:30:59,922 - root - INFO - Actions: [-0.8241051176554353, -0.23307560800694938, 0.03061790765227279], Reward: 989.6432568628794
2024-07-19 20:30:59,922 - root - INFO - Actions: [0.6879452393090415, -0.4701163999674949, -0.05197075447070998], Reward: 988.9886899881594
2024-07-19 20:30:59,922 - root - INFO - Actions: [0.9945951962542541, 0.8569196423999581, -0.070807476975707], Reward: 988.4262720014931
2024-07-19 20:30:59,922 - root - INFO - Actions: [-0.7335770823848711, 0.777380247709814, 0.24508792883673136], Reward: 988.0121033712308
2024-07-19 20:30:59,922 - root - INFO - Actions: [-0.6007793666867673, 0.1573283122253899, 0.9798789467441016], Reward: 987.5427902870521
2024-07-19 20:30:59,922 - root - INFO - Actions: [0.60171869548863, -0.7197844034551444, 0.42724882338731995], Reward: 987.3465883630747
2024-07-19 20:30:59,922 - root - INFO - Actions: [0.20221089856707364, -0.24206955828985888, 0.14475704908918363], Reward: 987.2815503683044
2024-07-19 20:30:59,922 - root - INFO - Actions: [0.5354130254197127, -0.8697533218178946, -0.7104054000856461], Reward: 986.8343987167617
2024-07-19 20:30:59,922 - root - INFO - Actions: [-0.577844322651045, -0.09586332723476554, -0.5255049847742945], Reward: 986.6493212088415
2024-07-19 20:30:59,922 - root - INFO - Actions: [0.9218844390406518, -0.14972753368678493, 0.7012312523258075], Reward: 986.0620840113348
2024-07-19 20:30:59,922 - root - INFO - Actions: [0.9050107596951433, -0.4375349217615463, 0.035846670368863576], Reward: 986.0591788773448
2024-07-19 20:30:59,922 - root - INFO - Actions: [-0.5193725269718541, -0.221815683150977, -0.8533784964871158], Reward: 985.5743647583023
2024-07-19 20:30:59,922 - root - INFO - Actions: [0.10502352479350896, 0.013202283060980369, 0.7832004743738379], Reward: 984.8317912582659
2024-07-19 20:30:59,922 - root - INFO - Actions: [0.9910115851437504, -0.333986577857855, 0.9845250882377201], Reward: 984.8514438405807
2024-07-19 20:30:59,922 - root - INFO - Actions: [-0.43445089377497625, -0.1155945574377375, -0.1442499948638174], Reward: 984.6351716493022
2024-07-19 20:30:59,922 - root - INFO - Actions: [0.45078148070603774, 0.9342670166807772, -0.5618156272735206], Reward: 984.0923554498249
2024-07-19 20:30:59,922 - root - INFO - Actions: [-0.1531716313660869, -0.9243446227660186, 0.3771003504493895], Reward: 983.9535204762105
2024-07-19 20:30:59,922 - root - INFO - Actions: [0.06197459626756108, -0.9120309559253874, -0.8759230977581771], Reward: 983.7138655321676
2024-07-19 20:30:59,922 - root - INFO - Actions: [0.9467964733930214, 0.09850550517760004, -0.042495783155534594], Reward: 982.9312310720442
2024-07-19 20:30:59,922 - root - INFO - Actions: [0.4546724304430336, 0.17205341501594273, -0.4524613512093041], Reward: 981.8407135291559
2024-07-19 20:30:59,922 - root - INFO - Actions: [0.7967485802640797, -0.002088235695495877, -0.30415656269925817], Reward: 981.5339913288472
2024-07-19 20:30:59,923 - root - INFO - Actions: [0.19294987002910058, 0.8615673307426457, -0.10857666023707302], Reward: 982.0751017998138
2024-07-19 20:30:59,923 - root - INFO - Actions: [0.930614552074642, -0.9279813181764063, 0.6039852293999848], Reward: 981.9550320266034
2024-07-19 20:30:59,923 - root - INFO - Actions: [-0.5611956613404787, 0.4249081516207318, 0.8491210274448766], Reward: 981.4071416830724
2024-07-19 20:30:59,923 - root - INFO - Actions: [0.21523382017408066, 0.5706775480142718, -0.915013470635269], Reward: 980.9131232543156
2024-07-19 20:30:59,923 - root - INFO - Actions: [0.9606869792329307, 0.8281426636263047, 0.5490936616212332], Reward: 980.6718413322372
2024-07-19 20:30:59,923 - root - INFO - Actions: [0.3779475970431381, -0.8147298498874649, -0.5522267674268075], Reward: 980.4411016617036
2024-07-19 20:30:59,923 - root - INFO - Actions: [-0.5282377440352626, -0.9786153702979008, -0.48436935433236283], Reward: 980.1286382536999
2024-07-19 20:30:59,923 - root - INFO - Actions: [-0.20594508827506264, -0.0010836315793423257, -0.2689978997379152], Reward: 980.10833605763
2024-07-19 20:30:59,923 - root - INFO - Actions: [0.5314889149869841, 0.11255816494668336, 0.1088023316951825], Reward: 979.9653329012111
2024-07-19 20:30:59,923 - root - INFO - Actions: [0.3838082869618402, 0.993512537624647, 0.7323174881546506], Reward: 979.7636863957714
2024-07-19 20:30:59,923 - root - INFO - Actions: [0.33436953831994476, 0.10813009781780436, 0.5044272501121969], Reward: 979.7384708839772
2024-07-19 20:30:59,923 - root - INFO - Actions: [0.8878227951117761, 0.7340459341611509, 0.699866064438188], Reward: 979.8358246643508
2024-07-19 20:30:59,923 - root - INFO - Actions: [-0.558839499658006, -0.350136188581859, 0.39958484565076957], Reward: 979.5247554819076
2024-07-19 20:30:59,923 - root - INFO - Actions: [0.8811295407106523, 0.2599045580917352, -0.7633857767115102], Reward: 978.8660428283563
2024-07-19 20:30:59,923 - root - INFO - Actions: [0.8137690433285558, -0.05104411980947532, 0.6875353969735964], Reward: 978.2719123705942
2024-07-19 20:30:59,923 - root - INFO - Actions: [-0.8136973870274271, 0.10839557636418218, 0.8307565775595518], Reward: 977.5527530614527
2024-07-19 20:30:59,923 - root - INFO - Actions: [-0.4083736148891406, 0.4248685803566703, 0.2932784271609261], Reward: 977.6540746634521
2024-07-19 20:30:59,923 - root - INFO - Actions: [-0.2520593880694324, -0.7425393338048081, 0.5989224954033951], Reward: 977.3884817835017
2024-07-19 20:30:59,923 - root - INFO - Actions: [-0.9664774704137995, 0.8655813662509684, -0.7082392452003263], Reward: 976.343701471912
2024-07-19 20:30:59,923 - root - INFO - Actions: [-0.29676864233820277, -0.07912830702110085, -0.26868326296491185], Reward: 975.8023467184016
2024-07-19 20:30:59,923 - root - INFO - Actions: [-0.41831368844349703, -0.03675050360261567, -0.7915648526159054], Reward: 975.8536264347038
2024-07-19 20:30:59,923 - root - INFO - Actions: [0.2743740623383555, -0.3041915328688609, 0.4399031863603846], Reward: 975.6399099653217
2024-07-19 20:30:59,924 - root - INFO - Actions: [-0.9071512325416202, 0.5079080705236108, -0.020133409689205184], Reward: 975.9334928939107
2024-07-19 20:30:59,924 - root - INFO - Actions: [0.14948445796492482, -0.307731052261063, 0.015465408755850785], Reward: 975.6838430072182
2024-07-19 20:30:59,924 - root - INFO - Actions: [0.2650742754876867, -0.37635063248727985, -0.10320973080177143], Reward: 975.5884753616447
2024-07-19 20:30:59,924 - root - INFO - Actions: [0.2829062202165058, -0.5174185061248284, -0.186343767528502], Reward: 975.4138723530144
2024-07-19 20:30:59,924 - root - INFO - Actions: [-0.12104912566577242, 0.8952135923773556, -0.9475601538504184], Reward: 975.06553639959
2024-07-19 20:30:59,924 - root - INFO - Actions: [-0.9349112080693145, -0.5082282287843813, -0.03499786900922208], Reward: 974.572478741721
2024-07-19 20:30:59,924 - root - INFO - Actions: [0.9260185580936451, 0.9104235842510735, 0.19779221294660343], Reward: 974.2627306660042
2024-07-19 20:30:59,924 - root - INFO - Actions: [0.6951493246859539, -0.9683397337165021, 0.9576753914765084], Reward: 973.8701926743104
2024-07-19 20:30:59,924 - root - INFO - Actions: [-0.5747349642758781, -0.32046367425029887, -0.7134714858697835], Reward: 973.7019165645573
2024-07-19 20:30:59,924 - root - INFO - Actions: [-0.14545156910047408, -0.2663226723343004, -0.5461597851611744], Reward: 973.658727698994
2024-07-19 20:30:59,924 - root - INFO - Actions: [-0.046170531742174115, -0.7322874916978062, 0.2962299370435133], Reward: 973.4559652371636
2024-07-19 20:30:59,924 - root - INFO - Actions: [0.9355302737281266, -0.1693811652456212, 0.45901801206383275], Reward: 973.0067534692498
2024-07-19 20:30:59,924 - root - INFO - Actions: [-0.680038742441186, -0.3893811127748521, 0.2415280048811197], Reward: 972.7752001247168
2024-07-19 20:30:59,924 - root - INFO - Actions: [-0.9554274073666371, 0.4977570056394942, -0.6050342310352728], Reward: 972.0267709126613
2024-07-19 20:30:59,924 - root - INFO - Actions: [0.8853352174043572, 0.549051522678004, 0.5496215011418164], Reward: 969.2016831866003
2024-07-19 20:30:59,924 - root - INFO - Actions: [0.7627248958112833, 0.11807310313576114, 0.907026136192775], Reward: 969.2779446107629
2024-07-19 20:30:59,924 - root - INFO - Actions: [0.060386944433738377, -0.8227267350263443, -0.32387060249750443], Reward: 968.9065797143631
2024-07-19 20:30:59,924 - root - INFO - Actions: [-0.9265000783820447, -0.5092109777381728, -0.514831742284809], Reward: 968.5985503345241
2024-07-19 20:30:59,924 - root - INFO - Actions: [-0.34174625611146237, -0.727002145603519, -0.24085398050315887], Reward: 968.5500440533746
2024-07-19 20:30:59,924 - root - INFO - Actions: [0.25848009637956904, 0.6770331189301992, 0.4532142321967789], Reward: 967.6638238647388
2024-07-19 20:30:59,924 - root - INFO - Actions: [-0.006550450666870988, 0.8043865210898582, 0.6432824574243732], Reward: 968.6931569487658
2024-07-19 20:30:59,924 - root - INFO - Actions: [-0.055280810641500144, 0.2661148521560641, 0.5164043061232066], Reward: 968.648302870587
2024-07-19 20:30:59,925 - root - INFO - Actions: [-0.5995828853893976, 0.43313290550986183, -0.023271424283145326], Reward: 968.479717782134
2024-07-19 20:30:59,925 - root - INFO - Actions: [0.042497844907924964, 0.002831927061428763, -0.5636840485804375], Reward: 968.1010559102283
2024-07-19 20:30:59,925 - root - INFO - Actions: [0.6395624137303813, 0.25089778870762136, -0.8908283972659625], Reward: 966.6541802084879
2024-07-19 20:30:59,925 - root - INFO - Actions: [0.14430055125338703, -0.9714336057925943, -0.9626225651824352], Reward: 966.5010990907585
2024-07-19 20:30:59,925 - root - INFO - Actions: [0.6761125792592726, 0.23514582435270692, -0.3886699283563295], Reward: 966.0945293171687
2024-07-19 20:30:59,925 - root - INFO - Actions: [0.9476469812185457, -0.5946649576193217, -0.31089634260128696], Reward: 965.2695113777531
2024-07-19 20:30:59,925 - root - INFO - Actions: [0.14286246238429468, -0.18199135806034605, -0.9537449566278535], Reward: 965.8256549478472
2024-07-19 20:30:59,925 - root - INFO - Actions: [-0.9859178853628272, 0.3872858735267539, -0.37732485919894154], Reward: 965.2033870223453
2024-07-19 20:30:59,925 - root - INFO - Actions: [-0.1331076756881786, 0.07659850477237651, -0.508503503870098], Reward: 965.342013347364
2024-07-19 20:30:59,925 - root - INFO - Actions: [0.10971118086575804, -0.20592313513349647, -0.19904535182365724], Reward: 965.2525031928604
2024-07-19 20:30:59,925 - root - INFO - Actions: [0.5547713372559764, 0.305906014868369, 0.8335584745485864], Reward: 964.3164983695693
2024-07-19 20:30:59,925 - root - INFO - Actions: [0.20375101137214768, 0.09374432732407767, 0.4370120722283417], Reward: 964.1731670247749
2024-07-19 20:30:59,925 - root - INFO - Actions: [0.03112397469626549, -0.9926306966916028, 0.5059936225913497], Reward: 963.7999818499732
2024-07-19 20:30:59,925 - root - INFO - Actions: [0.15820763111155056, -0.12028692234780358, -0.3166496692214602], Reward: 964.3140128524343
2024-07-19 20:30:59,925 - root - INFO - Actions: [-0.7511866617329233, 0.1940404227921424, 0.4421576547182895], Reward: 963.9410031559851
2024-07-19 20:30:59,925 - root - INFO - Actions: [0.30811988117100575, -0.5460965803538624, -0.83957027164499], Reward: 963.5906522786071
2024-07-19 20:30:59,925 - root - INFO - Actions: [0.09733133170119901, -0.2501964540678674, -0.9704786065595232], Reward: 963.4759337649946
2024-07-19 20:30:59,925 - root - INFO - Actions: [-0.6581602459903653, 0.6043742933538263, -0.1359422731228963], Reward: 962.4042234614056
2024-07-19 20:30:59,925 - root - INFO - Actions: [-0.40624759911187436, 0.4674163210704947, -0.7278288065656253], Reward: 962.2377564139363
2024-07-19 20:30:59,925 - root - INFO - Actions: [0.7235441178146222, 0.5063596364975842, 0.8033802376402266], Reward: 962.0738148113958
2024-07-19 20:30:59,925 - root - INFO - Actions: [0.5268145504048105, 0.8341703524066284, 0.254438596014827], Reward: 962.0593055620423
2024-07-19 20:30:59,925 - root - INFO - Actions: [0.9856040071169929, -0.8964461782106268, 0.9622793177061943], Reward: 961.5574253309637
2024-07-19 20:30:59,926 - root - INFO - Actions: [0.2523576720052445, 0.6107357048306044, 0.32822102591449154], Reward: 961.6111945013386
2024-07-19 20:30:59,926 - root - INFO - Actions: [-0.34514553191641184, 0.48493727744304094, -0.31315199525118986], Reward: 961.4928857347987
2024-07-19 20:30:59,926 - root - INFO - Actions: [0.46765972364533837, -0.08069245450050166, 0.6021747628338288], Reward: 961.4438472054146
2024-07-19 20:30:59,926 - root - INFO - Actions: [-0.25165518651765195, 0.32222111935156095, -0.45030480068884593], Reward: 961.375647266328
2024-07-19 20:30:59,926 - root - INFO - Actions: [-0.28180115537639994, -0.8587306643781578, 0.6248637330797366], Reward: 960.9838484347281
2024-07-19 20:30:59,926 - root - INFO - Actions: [0.8457049893474127, -0.4361141221322158, -0.9705897632318898], Reward: 960.5008070659158
2024-07-19 20:30:59,926 - root - INFO - Actions: [0.6701271001319373, -0.18211564179894957, 0.1624714605481965], Reward: 960.9481153981076
2024-07-19 20:30:59,926 - root - INFO - Actions: [-0.6423548149006975, 0.15181959678626233, 0.9499679957116594], Reward: 960.4814887373188
2024-07-19 20:30:59,926 - root - INFO - Actions: [-0.054787480247914466, -0.8206323771985946, 0.32186928064822995], Reward: 960.3275571752902
2024-07-19 20:30:59,926 - root - INFO - Actions: [0.609450020742627, 0.9498482628154687, -0.4154886574382264], Reward: 959.9290707892847
2024-07-19 20:30:59,926 - root - INFO - Actions: [-0.4753170363957011, 0.8371679969122956, -0.850884287595731], Reward: 959.5991118533889
2024-07-19 20:30:59,926 - root - INFO - Actions: [0.11390643960826274, 0.3224729603940677, 0.10608462907400984], Reward: 959.4997244276369
2024-07-19 20:30:59,926 - root - INFO - Actions: [-0.9668416489898446, -0.777166234017715, -0.0820780016428988], Reward: 959.0344467799135
2024-07-19 20:30:59,926 - root - INFO - Actions: [-0.039800889664582284, -0.5379597649307619, 0.48791235428943613], Reward: 958.787043746768
2024-07-19 20:30:59,926 - root - INFO - Actions: [0.787795802858404, -0.9952636029493309, -0.9292683525063892], Reward: 958.2937962262877
2024-07-19 20:30:59,926 - root - INFO - Actions: [0.9677651061970352, 0.2895712406573816, -0.4039395713547569], Reward: 957.8590041702845
2024-07-19 20:30:59,926 - root - INFO - Actions: [0.5751610627516737, 0.9992001097240213, 0.9137008366027868], Reward: 957.0270344569356
2024-07-19 20:30:59,926 - root - INFO - Actions: [-0.555536588559647, 0.8243235001830316, -0.9783825924924996], Reward: 956.5468995228603
2024-07-19 20:30:59,926 - root - INFO - Actions: [0.8746975884988151, -0.1387346815628192, 0.41588865536418296], Reward: 956.1937388467975
2024-07-19 20:30:59,926 - root - INFO - Actions: [-0.05281920657067962, -0.565655895260277, 0.18630763603101919], Reward: 956.4896258549043
2024-07-19 20:30:59,926 - root - INFO - Actions: [0.7043403157549131, 0.8830826236594311, -0.7001614924497488], Reward: 956.4126819285184
2024-07-19 20:30:59,926 - root - INFO - Actions: [-0.4855668688241439, 0.6841715263548096, 0.44862447090341173], Reward: 955.9388977826394
2024-07-19 20:30:59,927 - root - INFO - Actions: [-0.9579595466463411, -0.995005868175419, -0.6072514074842001], Reward: 955.5100807884487
2024-07-19 20:30:59,927 - root - INFO - Actions: [-0.007406250126420266, 0.5948254164267515, 0.46745632915250646], Reward: 954.8471933924834
2024-07-19 20:30:59,927 - root - INFO - Actions: [0.605308991943077, -0.25488717975763686, -0.4561553580019342], Reward: 954.6000496170878
2024-07-19 20:30:59,927 - root - INFO - Actions: [0.01619009925274617, -0.7819502853382851, 0.5618831411539673], Reward: 954.2482059743519
2024-07-19 20:30:59,927 - root - INFO - Actions: [0.19845106280637825, -0.2437684430803495, -0.022119603496354223], Reward: 954.201247809303
2024-07-19 20:30:59,927 - root - INFO - Actions: [-0.6596628869698442, -0.47733687860120644, -0.8187945346052083], Reward: 953.9100606581223
2024-07-19 20:30:59,927 - root - INFO - Actions: [0.6050115683285391, -0.46367490459766825, 0.1716735720631999], Reward: 953.6877467218252
2024-07-19 20:30:59,927 - root - INFO - Actions: [0.39006595920750553, -0.7908123759431909, -0.782318865535768], Reward: 953.4981878956826
2024-07-19 20:30:59,927 - root - INFO - Actions: [0.16993312235092417, 0.19898789019675966, -0.7507272021418654], Reward: 953.3906412191329
2024-07-19 20:30:59,927 - root - INFO - Actions: [-0.3304917229999318, -0.4938211897919107, -0.7107292042813642], Reward: 953.1985891743321
2024-07-19 20:30:59,927 - root - INFO - Actions: [-0.2703326889758353, 0.2715635019252294, -0.09100544626700557], Reward: 952.9571415963023
2024-07-19 20:30:59,927 - root - INFO - Actions: [-0.005231733271737982, 0.28512642316042625, 0.2533953424879185], Reward: 953.056845744374
2024-07-19 20:30:59,927 - root - INFO - Actions: [-0.41700445550314136, 0.8846167337130824, 0.22299970536243574], Reward: 952.782627707973
2024-07-19 20:30:59,927 - root - INFO - Actions: [0.6933976858367394, -0.15663309562596295, -0.49068412460887445], Reward: 952.5849349620073
2024-07-19 20:30:59,927 - root - INFO - Actions: [0.3318825834069874, -0.03915866260389045, 0.482359176057263], Reward: 951.8537313084139
2024-07-19 20:30:59,927 - root - INFO - Actions: [-0.9437172803497871, 0.7608809621371551, 0.7342510928194801], Reward: 951.250189240106
2024-07-19 20:30:59,927 - root - INFO - Actions: [-0.5025987500138991, -0.9189945359826599, 0.03030246605840392], Reward: 950.9865864130227
2024-07-19 20:30:59,927 - root - INFO - Actions: [-0.00632571986816699, -0.576559323335462, 0.9611691555190953], Reward: 950.320681261488
2024-07-19 20:30:59,927 - root - INFO - Actions: [0.5958546981574395, -0.9379953086620878, 0.7305732545081369], Reward: 950.2830923086602
2024-07-19 20:30:59,927 - root - INFO - Actions: [0.16193888979923554, -0.758969467510088, 0.9433173433403239], Reward: 950.4746108058935
2024-07-19 20:30:59,927 - root - INFO - Actions: [0.4706183782123574, -0.08490576404098671, 0.25425990172503354], Reward: 950.5884900694397
2024-07-19 20:30:59,927 - root - INFO - Actions: [0.6547711571228458, -0.24596271340597542, -0.06869166133567206], Reward: 950.5315315412379
2024-07-19 20:30:59,928 - root - INFO - Actions: [-0.5218334698896496, -0.6022362892568633, 0.18756479976022788], Reward: 950.3712147455783
2024-07-19 20:30:59,928 - root - INFO - Actions: [-0.8022384366460851, -0.33136525948936346, 0.7287204064928554], Reward: 950.4084922352544
2024-07-19 20:30:59,928 - root - INFO - Actions: [0.7433530630942664, -0.647627032215752, 0.08943651901345406], Reward: 950.2987015784895
2024-07-19 20:30:59,928 - root - INFO - Actions: [-0.8077279596209754, 0.07647508059164565, 0.14276027703878968], Reward: 950.2932308311906
2024-07-19 20:30:59,928 - root - INFO - Actions: [0.1759087153223302, 0.07567286203754842, -0.2943349061356144], Reward: 950.1221325252855
2024-07-19 20:30:59,928 - root - INFO - Actions: [-0.31407966007817945, -0.402508097303254, -0.5595628581587817], Reward: 949.8126916291224
2024-07-19 20:30:59,928 - root - INFO - Actions: [0.016469977497930666, 0.40838903455292885, 0.7697887603518221], Reward: 949.535879233732
2024-07-19 20:30:59,928 - root - INFO - Actions: [-0.8405501385734453, -0.034941424133569265, -0.9096099745025175], Reward: 949.4578946723483
2024-07-19 20:30:59,928 - root - INFO - Actions: [0.1105782853756967, 0.8278815447818484, 0.8123706580118284], Reward: 949.5911219419654
2024-07-19 20:30:59,928 - root - INFO - Actions: [0.7196983205766199, 0.8631207745099907, -0.8444173399599006], Reward: 948.5143715558302
2024-07-19 20:30:59,928 - root - INFO - Actions: [-0.964108113950068, 0.05429144858639412, 0.5230829828544632], Reward: 948.2362553883598
2024-07-19 20:30:59,928 - root - INFO - Actions: [-0.3955531403137873, -0.42997736615655113, 0.22498274343178393], Reward: 948.0053027500817
2024-07-19 20:30:59,928 - root - INFO - Actions: [-0.7596601168991222, 0.08065754669921321, -0.7533894201270561], Reward: 947.6285751783581
2024-07-19 20:30:59,928 - root - INFO - Actions: [0.9646397791252546, 0.18974258651589881, -0.5694165860890539], Reward: 946.9752249985526
2024-07-19 20:30:59,928 - root - INFO - Actions: [0.13898257710074913, 0.8254114250443971, -0.5952008101438175], Reward: 946.9180535651246
2024-07-19 20:30:59,928 - root - INFO - Actions: [0.9381979209747038, 0.7589968421804505, 0.7587454082308374], Reward: 946.921318466536
2024-07-19 20:30:59,928 - root - INFO - Actions: [0.6597709455119585, -0.9660090923566995, 0.5488596647959465], Reward: 946.5828023903009
2024-07-19 20:30:59,928 - root - INFO - Actions: [-0.6213084112608038, -0.7068852321532022, -0.26597687869997766], Reward: 946.3553206182776
2024-07-19 20:30:59,928 - root - INFO - Actions: [-0.2642184697500347, -0.47024812509506186, -0.6897478105353498], Reward: 946.2051603384793
2024-07-19 20:30:59,928 - root - INFO - Actions: [0.6568904133452931, -0.6352602846996831, -0.43130378108310286], Reward: 945.9247792993251
2024-07-19 20:30:59,928 - root - INFO - Actions: [-0.325968636981834, -0.57508738776254, 0.542055433504538], Reward: 946.0739439083347
2024-07-19 20:30:59,928 - root - INFO - Actions: [-0.6373117521984175, -0.5914916258388581, 0.6460258506745966], Reward: 945.7904042661004
2024-07-19 20:30:59,929 - root - INFO - Actions: [-0.5889156062970458, 0.9372382379436963, -0.06475029266295995], Reward: 945.2879782177027
2024-07-19 20:30:59,929 - root - INFO - Actions: [-0.6561956168322443, 0.24224579844989336, 0.9373547083221501], Reward: 944.8429710033558
2024-07-19 20:30:59,929 - root - INFO - Actions: [-0.6704677243954071, 0.5053709990531221, 0.9036698704780055], Reward: 944.5740595186326
2024-07-19 20:30:59,929 - root - INFO - Simulation ended
